<?xml version="1.0" encoding="UTF-8"?>
<!-- Generated by org.testng.reporters.JUnitXMLReporter -->
<testsuite ignored="0" hostname="DESKTOP-HIQ2IVV" failures="2" tests="7" name="Test" time="82.295" errors="0" timestamp="2025-02-21T16:40:09 IST">
  <testcase classname="com.orangehrm.testcases.LoginTest" name="userValidlogin" time="2.32"/>
  <testcase classname="com.orangehrm.testcases.LoginTest" name="userValidlogin1" time="1.173">
    <skipped/>
  </testcase> <!-- userValidlogin1 -->
  <testcase classname="com.orangehrm.testcases.LoginTest" name="userValidlogin1" time="1.1">
    <skipped/>
  </testcase> <!-- userValidlogin1 -->
  <testcase classname="com.orangehrm.testcases.LoginTest" name="userValidlogin1" time="1.39">
    <failure type="java.lang.IllegalArgumentException" message="Keys to send should be a not null CharSequence">
      <![CDATA[java.lang.IllegalArgumentException: Keys to send should be a not null CharSequence
at org.openqa.selenium.remote.RemoteWebElement.sendKeys(RemoteWebElement.java:96)
at org.openqa.selenium.support.pagefactory.internal.LocatingElementHandler.invoke(LocatingElementHandler.java:51)
at jdk.proxy2/jdk.proxy2.$Proxy16.sendKeys(Unknown Source)
at com.orangehrm.pages.LoginPage.enterUsername(LoginPage.java:34)
at com.orangehrm.pages.LoginPage.loginToApplication(LoginPage.java:50)
at com.orangehrm.testcases.LoginTest.userValidlogin1(LoginTest.java:37)
at java.base/java.util.ArrayList.forEach(ArrayList.java:1596)
... Removed 27 stack frames]]>
    </failure>
  </testcase> <!-- userValidlogin1 -->
  <testcase classname="com.orangehrm.testcases.LoginTest" name="userValidlogin2" time="1.337">
    <skipped/>
  </testcase> <!-- userValidlogin2 -->
  <testcase classname="com.orangehrm.testcases.LoginTest" name="userValidlogin2" time="1.102">
    <skipped/>
  </testcase> <!-- userValidlogin2 -->
  <testcase classname="com.orangehrm.testcases.LoginTest" name="userValidlogin2" time="1.361">
    <failure type="java.lang.IllegalArgumentException" message="Keys to send should be a not null CharSequence">
      <![CDATA[java.lang.IllegalArgumentException: Keys to send should be a not null CharSequence
at org.openqa.selenium.remote.RemoteWebElement.sendKeys(RemoteWebElement.java:96)
at org.openqa.selenium.support.pagefactory.internal.LocatingElementHandler.invoke(LocatingElementHandler.java:51)
at jdk.proxy2/jdk.proxy2.$Proxy16.sendKeys(Unknown Source)
at com.orangehrm.pages.LoginPage.enterUsername(LoginPage.java:34)
at com.orangehrm.pages.LoginPage.loginToApplication(LoginPage.java:50)
at com.orangehrm.testcases.LoginTest.userValidlogin2(LoginTest.java:47)
at java.base/java.util.ArrayList.forEach(ArrayList.java:1596)
... Removed 27 stack frames]]>
    </failure>
  </testcase> <!-- userValidlogin2 -->
</testsuite> <!-- Test -->
