<?xml version="1.0" encoding="UTF-8"?>
<!-- Generated by org.testng.reporters.JUnitXMLReporter -->
<testsuite ignored="1" hostname="DESKTOP-HIQ2IVV" failures="0" tests="2" name="Test(failed)" time="15.929" errors="0" timestamp="2025-02-21T20:34:39 IST">
  <testcase classname="com.orangehrm.testcases.LoginTest" name="userValidlogin2" time="0.855"/>
  <testcase classname="com.orangehrm.testcases.LoginTest" name="userValidlogin1" time="0.853"/>
  <testcase classname="com.orangehrm.testcases.LoginTest" name="userValidlogin" time="0.0">
    <ignored/>
  </testcase> <!-- userValidlogin -->
</testsuite> <!-- Test(failed) -->
